# JRE version: Java(TM) SE Runtime Environment (17.0.12+8) (build 17.0.12+8-LTS-286)
# Java VM: Java HotSpot(TM) 64-Bit Server VM (17.0.12+8-LTS-286, mixed mode, emulated-client, sharing, tiered, compressed oops, compressed class ptrs, g1 gc, windows-amd64)
GC Precious Log:
 CPUs: 8 total, 8 available
 Memory: 16229M
 Large Page Support: Disabled
 NUMA Support: Disabled
 Compressed Oops: Enabled (Zero based)
 Heap Region Size: 2M
 Heap Min Capacity: 8M
 Heap Initial Capacity: 254M
 Heap Max Capacity: 4058M
 Pre-touch: Disabled
 Parallel Workers: 8
 Concurrent Workers: 2
 Concurrent Refinement Workers: 8
 Periodic GC: Disabled
Heap:
 garbage-first heap   total 90112K, used 63389K [0x0000000702600000, 0x0000000800000000)
  region size 2048K, 23 young (47104K), 2 survivors (4096K)
 Metaspace       used 39232K, committed 39552K, reserved 1114112K
  class space    used 5440K, committed 5632K, reserved 1048576K
GC Heap History (20 events):
Event: 2.049 GC heap before
{Heap before GC invocations=0 (full 0):
 garbage-first heap   total 260096K, used 20480K [0x0000000702600000, 0x0000000800000000)
  region size 2048K, 11 young (22528K), 0 survivors (0K)
 Metaspace       used 6166K, committed 6400K, reserved 1114112K
  class space    used 761K, committed 832K, reserved 1048576K
}
Event: 2.060 GC heap after
{Heap after GC invocations=1 (full 0):
 garbage-first heap   total 260096K, used 9369K [0x0000000702600000, 0x0000000800000000)
  region size 2048K, 2 young (4096K), 2 survivors (4096K)
 Metaspace       used 6166K, committed 6400K, reserved 1114112K
  class space    used 761K, committed 832K, reserved 1048576K
}
Event: 2.816 GC heap before
{Heap before GC invocations=1 (full 0):
 garbage-first heap   total 260096K, used 23705K [0x0000000702600000, 0x0000000800000000)
  region size 2048K, 9 young (18432K), 2 survivors (4096K)
 Metaspace       used 8982K, committed 9216K, reserved 1114112K
  class space    used 1166K, committed 1280K, reserved 1048576K
}
Event: 2.822 GC heap after
{Heap after GC invocations=2 (full 0):
 garbage-first heap   total 260096K, used 10563K [0x0000000702600000, 0x0000000800000000)
  region size 2048K, 1 young (2048K), 1 survivors (2048K)
 Metaspace       used 8982K, committed 9216K, reserved 1114112K
  class space    used 1166K, committed 1280K, reserved 1048576K
}
Event: 5.416 GC heap before
{Heap before GC invocations=2 (full 0):
 garbage-first heap   total 260096K, used 59715K [0x0000000702600000, 0x0000000800000000)
  region size 2048K, 26 young (53248K), 1 survivors (2048K)
 Metaspace       used 19036K, committed 19392K, reserved 1114112K
  class space    used 2670K, committed 2816K, reserved 1048576K
}
Event: 5.423 GC heap after
{Heap after GC invocations=3 (full 0):
 garbage-first heap   total 260096K, used 13387K [0x0000000702600000, 0x0000000800000000)
  region size 2048K, 2 young (4096K), 2 survivors (4096K)
 Metaspace       used 19036K, committed 19392K, reserved 1114112K
  class space    used 2670K, committed 2816K, reserved 1048576K
}
Event: 5.709 GC heap before
{Heap before GC invocations=3 (full 0):
 garbage-first heap   total 260096K, used 27723K [0x0000000702600000, 0x0000000800000000)
  region size 2048K, 10 young (20480K), 2 survivors (4096K)
 Metaspace       used 21295K, committed 21504K, reserved 1114112K
  class space    used 2915K, committed 3008K, reserved 1048576K
}
Event: 5.715 GC heap after
{Heap after GC invocations=4 (full 0):
 garbage-first heap   total 260096K, used 14111K [0x0000000702600000, 0x0000000800000000)
  region size 2048K, 3 young (6144K), 3 survivors (6144K)
 Metaspace       used 21295K, committed 21504K, reserved 1114112K
  class space    used 2915K, committed 3008K, reserved 1048576K
}
Event: 6.685 GC heap before
{Heap before GC invocations=5 (full 0):
 garbage-first heap   total 61440K, used 46879K [0x0000000702600000, 0x0000000800000000)
  region size 2048K, 20 young (40960K), 3 survivors (6144K)
 Metaspace       used 23384K, committed 23680K, reserved 1114112K
  class space    used 3238K, committed 3392K, reserved 1048576K
}
Event: 6.695 GC heap after
{Heap after GC invocations=6 (full 0):
 garbage-first heap   total 61440K, used 15877K [0x0000000702600000, 0x0000000800000000)
  region size 2048K, 4 young (8192K), 4 survivors (8192K)
 Metaspace       used 23384K, committed 23680K, reserved 1114112K
  class space    used 3238K, committed 3392K, reserved 1048576K
}
Event: 6.773 GC heap before
{Heap before GC invocations=6 (full 0):
 garbage-first heap   total 61440K, used 17925K [0x0000000702600000, 0x0000000800000000)
  region size 2048K, 5 young (10240K), 4 survivors (8192K)
 Metaspace       used 23399K, committed 23680K, reserved 1114112K
  class space    used 3242K, committed 3392K, reserved 1048576K
}
Event: 6.786 GC heap after
{Heap after GC invocations=7 (full 0):
 garbage-first heap   total 61440K, used 16468K [0x0000000702600000, 0x0000000800000000)
  region size 2048K, 1 young (2048K), 1 survivors (2048K)
 Metaspace       used 23399K, committed 23680K, reserved 1114112K
  class space    used 3242K, committed 3392K, reserved 1048576K
}
Event: 7.962 GC heap before
{Heap before GC invocations=7 (full 0):
 garbage-first heap   total 61440K, used 41044K [0x0000000702600000, 0x0000000800000000)
  region size 2048K, 13 young (26624K), 1 survivors (2048K)
 Metaspace       used 25719K, committed 25984K, reserved 1114112K
  class space    used 3574K, committed 3712K, reserved 1048576K
}
Event: 7.971 GC heap after
{Heap after GC invocations=8 (full 0):
 garbage-first heap   total 61440K, used 17126K [0x0000000702600000, 0x0000000800000000)
  region size 2048K, 1 young (2048K), 1 survivors (2048K)
 Metaspace       used 25719K, committed 25984K, reserved 1114112K
  class space    used 3574K, committed 3712K, reserved 1048576K
}
Event: 9.346 GC heap before
{Heap before GC invocations=8 (full 0):
 garbage-first heap   total 61440K, used 43750K [0x0000000702600000, 0x0000000800000000)
  region size 2048K, 14 young (28672K), 1 survivors (2048K)
 Metaspace       used 29088K, committed 29440K, reserved 1114112K
  class space    used 4100K, committed 4288K, reserved 1048576K
}
Event: 9.361 GC heap after
{Heap after GC invocations=9 (full 0):
 garbage-first heap   total 61440K, used 19305K [0x0000000702600000, 0x0000000800000000)
  region size 2048K, 2 young (4096K), 2 survivors (4096K)
 Metaspace       used 29088K, committed 29440K, reserved 1114112K
  class space    used 4100K, committed 4288K, reserved 1048576K
}
Event: 10.131 GC heap before
{Heap before GC invocations=9 (full 0):
 garbage-first heap   total 61440K, used 43881K [0x0000000702600000, 0x0000000800000000)
  region size 2048K, 14 young (28672K), 2 survivors (4096K)
 Metaspace       used 31787K, committed 32192K, reserved 1114112K
  class space    used 4406K, committed 4608K, reserved 1048576K
}
Event: 10.148 GC heap after
{Heap after GC invocations=10 (full 0):
 garbage-first heap   total 161792K, used 21037K [0x0000000702600000, 0x0000000800000000)
  region size 2048K, 1 young (2048K), 1 survivors (2048K)
 Metaspace       used 31787K, committed 32192K, reserved 1114112K
  class space    used 4406K, committed 4608K, reserved 1048576K
}
Event: 11.458 GC heap before
{Heap before GC invocations=10 (full 0):
 garbage-first heap   total 161792K, used 53805K [0x0000000702600000, 0x0000000800000000)
  region size 2048K, 18 young (36864K), 1 survivors (2048K)
 Metaspace       used 35936K, committed 36288K, reserved 1114112K
  class space    used 4987K, committed 5184K, reserved 1048576K
}
Event: 11.464 GC heap after
{Heap after GC invocations=11 (full 0):
 garbage-first heap   total 161792K, used 22429K [0x0000000702600000, 0x0000000800000000)
  region size 2048K, 2 young (4096K), 2 survivors (4096K)
 Metaspace       used 35936K, committed 36288K, reserved 1114112K
  class space    used 4987K, committed 5184K, reserved 1048576K
}

